<?xml version="1.0" encoding="UTF-8"?>
<!-- Generated by org.testng.reporters.JUnitReportReporter -->
<testsuite skipped="0" hostname="IN-MH1LPW101282" name="lamdatest.lamdatest01.JavaTodo" tests="1" failures="0" timestamp="2020-08-20T09:50:53 BST" time="14.723" errors="0">
  <testcase name="test" time="14.723" classname="lamdatest.lamdatest01.JavaTodo"/>
  <system-out/>
</testsuite> <!-- lamdatest.lamdatest01.JavaTodo -->
