<?xml version="1.0" encoding="UTF-8"?>
<!-- Generated by org.testng.reporters.JUnitReportReporter -->
<testsuite skipped="0" hostname="IN-MH1LPW101282" name="lamdatest.lamdatest01.sample" tests="1" failures="0" timestamp="2020-08-20T18:15:16 BST" time="8.546" errors="0">
  <testcase name="testSample" time="8.546" classname="lamdatest.lamdatest01.sample"/>
  <system-out/>
</testsuite> <!-- lamdatest.lamdatest01.sample -->
