<?xml version="1.0" encoding="UTF-8"?>
<!-- Generated by org.testng.reporters.JUnitReportReporter -->
<testsuite skipped="0" hostname="IN-MH1LPW101282" name="lamdatest.lamdatest01.App" tests="1" failures="0" timestamp="2020-08-20T09:39:32 BST" time="0.011" errors="0">
  <testcase name="test1" time="0.011" classname="lamdatest.lamdatest01.App"/>
  <system-out/>
</testsuite> <!-- lamdatest.lamdatest01.App -->
